success
success
success
success
success
success
success
success
success
success
episode:10, reward:-62.52732418944648
success
success
success
success
success
success
success
success
success
success
episode:20, reward:-807.2796931261018
success
success
success
success
success
success
success
success
episode:30, reward:-71.0990564358734
success
success
success
success
success
success
success
success
success
success
episode:40, reward:-4.087878438686111
success
success
success
success
success
success
success
success
success
success
episode:50, reward:-31.372729179990262
success
success
success
success
success
success
success
success
success
success
episode:60, reward:-790.4110560951646
success
success
success
success
success
success
success
success
success
episode:70, reward:-35.56260622287866
success
success
success
success
success
success
success
success
success
episode:80, reward:-1055.1075152575788
success
success
success
success
success
success
success
success
success
success
episode:90, reward:-56.819981932268014
success
success
success
success
success
success
success
success
success
success
episode:100, reward:-18.355936804492163
success
success
success
success
success
success
success
success
success
success
episode:110, reward:-313.88586803423783
success
success
success
success
success
success
success
success
success
success
episode:120, reward:-261.5028339824811
success
success
success
success
success
success
success
success
success
success
episode:130, reward:-214.5592281708951
success
success
success
success
success
success
success
success
success
success
episode:140, reward:-44.18910955291209
success
success
success
success
success
success
success
success
success
episode:150, reward:-79.18308575033994
success
success
success
success
success
success
success
success
success
success
episode:160, reward:-676.1555548061377
success
success
success
success
success
success
success
success
success
success
episode:170, reward:-41.305747823044534
success
success
success
success
success
success
success
success
success
success
episode:180, reward:-40.33051641331567
success
success
success
success
success
success
success
success
success
episode:190, reward:-9.816149406675954
success
success
success
success
success
success
success
success
success
episode:200, reward:-28.80610523311685
success
success
success
success
success
success
success
success
success
success
episode:210, reward:-67.74501139416212
success
success
success
success
success
success
success
success
success
success
episode:220, reward:-40.03719228835402
success
success
success
success
success
success
success
success
success
episode:230, reward:-93.12179922138158
success
success
success
success
success
success
success
success
success
success
episode:240, reward:-109.53558155221667
success
success
success
success
success
success
success
success
success
success
episode:250, reward:-39.88874091186661
success
success
success
success
success
success
success
success
success
success
episode:260, reward:-42.006575528476965
success
success
success
success
success
success
success
success
success
episode:270, reward:-893.6099512600344
success
success
success
success
success
success
success
success
success
success
episode:280, reward:-54.14813535007719
success
success
success
success
success
success
success
success
success
success
episode:290, reward:-73.27380451999609
success
success
success
success
success
success
success
success
success
episode:300, reward:-203.11423813019604
sub_loc:
[[0. 1. 1.]
 [0. 1. 1.]
 [1. 0. 1.]
 [1. 0. 0.]
 [1. 0. 0.]
 [0. 1. 1.]]
action0:[2 5 1]
action1:[0 2 1]
sub_loc:
[[1. 0. 0.]
 [0. 0. 1.]
 [1. 1. 1.]
 [1. 1. 1.]
 [1. 1. 0.]
 [1. 0. 0.]]
action0:[0 3 3]
action1:[1 2 0]
sub_loc:
[[1. 1. 1.]
 [1. 1. 0.]
 [1. 1. 1.]
 [1. 1. 1.]
 [1. 1. 0.]
 [1. 1. 1.]]
action0:[5 4 2]
action1:[0 1 2]
sub_loc:
[[0. 1. 0.]
 [0. 0. 0.]
 [0. 0. 0.]
 [1. 1. 0.]
 [1. 1. 1.]
 [1. 1. 0.]]
action0:[3 4 4]
action1:[0 2 1]
sub_loc:
[[1. 1. 0.]
 [0. 1. 0.]
 [0. 1. 0.]
 [1. 1. 1.]
 [1. 1. 1.]
 [1. 0. 1.]]
action0:[4 2 3]
action1:[0 2 1]
sub_loc:
[[0. 0. 0.]
 [0. 1. 1.]
 [0. 1. 0.]
 [1. 1. 1.]
 [1. 0. 0.]
 [1. 0. 0.]]
action0:[4 3 3]
action1:[1 0 2]
sub_loc:
[[1. 1. 0.]
 [0. 1. 0.]
 [1. 0. 0.]
 [1. 1. 1.]
 [0. 1. 1.]
 [1. 1. 1.]]
action0:[2 4 3]
action1:[1 0 2]
sub_loc:
[[1. 0. 0.]
 [0. 1. 1.]
 [0. 0. 1.]
 [1. 1. 0.]
 [1. 1. 1.]
 [1. 1. 1.]]
action0:[3 5 2]
action1:[2 1 0]
sub_loc:
[[0. 0. 1.]
 [1. 1. 0.]
 [1. 0. 1.]
 [0. 1. 0.]
 [1. 1. 0.]
 [0. 1. 1.]]
action0:[2 4 2]
action1:[0 1 2]
sub_loc:
[[0. 1. 1.]
 [0. 1. 0.]
 [0. 0. 1.]
 [1. 1. 1.]
 [1. 1. 1.]
 [1. 1. 0.]]
action0:[4 4 3]
action1:[2 1 0]
sub_loc:
[[1. 1. 1.]
 [0. 0. 1.]
 [0. 1. 1.]
 [1. 1. 0.]
 [1. 1. 1.]
 [0. 1. 1.]]
action0:[0 4 2]
action1:[1 0 2]
sub_loc:
[[1. 1. 0.]
 [1. 1. 0.]
 [1. 1. 0.]
 [0. 1. 0.]
 [0. 1. 1.]
 [1. 0. 1.]]
action0:[2 3 5]
action1:[0 2 1]
sub_loc:
[[1. 1. 0.]
 [1. 1. 0.]
 [1. 0. 0.]
 [0. 1. 1.]
 [0. 0. 1.]
 [1. 1. 0.]]
action0:[5 3 3]
action1:[0 1 2]
sub_loc:
[[0. 1. 0.]
 [0. 0. 1.]
 [0. 1. 0.]
 [1. 1. 1.]
 [1. 1. 1.]
 [1. 0. 0.]]
action0:[5 2 4]
action1:[1 0 2]
sub_loc:
[[0. 0. 1.]
 [1. 1. 0.]
 [1. 0. 1.]
 [0. 1. 0.]
 [1. 1. 1.]
 [0. 0. 0.]]
action0:[4 3 0]
action1:[1 0 2]
sub_loc:
[[1. 0. 0.]
 [1. 0. 1.]
 [1. 1. 1.]
 [1. 1. 1.]
 [1. 1. 1.]
 [1. 1. 1.]]
action0:[4 2 5]
action1:[1 0 2]
sub_loc:
[[0. 1. 1.]
 [1. 1. 1.]
 [0. 1. 1.]
 [1. 1. 1.]
 [0. 1. 1.]
 [1. 1. 1.]]
action0:[3 3 0]
action1:[1 2 0]
success
next_agent##################################################
sub_loc:
[[0. 1. 1.]
 [0. 1. 1.]
 [1. 0. 1.]
 [1. 0. 0.]
 [1. 0. 0.]
 [0. 1. 1.]]
action0:[2 5 2]
action1:[0 0 0]
sub_loc:
[[0. 0. 0.]
 [0. 1. 0.]
 [1. 1. 0.]
 [1. 1. 0.]
 [1. 0. 1.]
 [0. 0. 0.]]
action0:[3 2 4]
action1:[0 0 0]
sub_loc:
[[1. 1. 1.]
 [0. 1. 0.]
 [1. 1. 1.]
 [0. 1. 0.]
 [1. 0. 0.]
 [0. 1. 1.]]
action0:[0 3 0]
action1:[0 0 0]
sub_loc:
[[1. 1. 0.]
 [0. 1. 0.]
 [0. 1. 0.]
 [1. 1. 1.]
 [1. 1. 1.]
 [1. 0. 1.]]
action0:[0 2 4]
action1:[0 0 0]
sub_loc:
[[0. 0. 1.]
 [0. 0. 1.]
 [0. 0. 1.]
 [1. 1. 0.]
 [1. 1. 1.]
 [0. 1. 0.]]
action0:[3 5 2]
action1:[0 0 0]
sub_loc:
[[0. 1. 0.]
 [0. 0. 1.]
 [0. 0. 1.]
 [1. 1. 1.]
 [1. 0. 0.]
 [0. 1. 0.]]
action0:[3 5 3]
action1:[0 0 0]
sub_loc:
[[0. 1. 0.]
 [0. 1. 0.]
 [0. 1. 0.]
 [0. 0. 1.]
 [1. 0. 1.]
 [0. 1. 1.]]
action0:[4 2 5]
action1:[0 0 0]
sub_loc:
[[0. 1. 1.]
 [0. 1. 1.]
 [1. 1. 1.]
 [1. 1. 0.]
 [0. 1. 1.]
 [1. 1. 1.]]
action0:[5 2 4]
action1:[0 0 0]
sub_loc:
[[0. 0. 0.]
 [0. 0. 0.]
 [0. 0. 0.]
 [1. 0. 1.]
 [1. 0. 1.]
 [1. 1. 1.]]
action0:[5 5 5]
action1:[0 0 0]
sub_loc:
[[1. 1. 1.]
 [1. 1. 0.]
 [1. 1. 1.]
 [0. 1. 1.]
 [0. 1. 1.]
 [1. 1. 0.]]
action0:[5 3 2]
action1:[0 0 0]
sub_loc:
[[0. 0. 0.]
 [0. 0. 1.]
 [0. 0. 0.]
 [1. 0. 1.]
 [1. 1. 1.]
 [1. 1. 1.]]
action0:[3 4 4]
action1:[0 0 0]
sub_loc:
[[0. 0. 1.]
 [1. 1. 0.]
 [1. 1. 1.]
 [1. 1. 1.]
 [1. 1. 0.]
 [0. 1. 0.]]
action0:[1 1 3]
action1:[0 0 0]
sub_loc:
[[0. 0. 0.]
 [0. 0. 0.]
 [0. 0. 0.]
 [1. 0. 0.]
 [1. 0. 0.]
 [1. 1. 1.]]
action0:[5 5 5]
action1:[0 0 0]
sub_loc:
[[1. 1. 0.]
 [0. 1. 0.]
 [0. 1. 0.]
 [0. 0. 1.]
 [0. 1. 1.]
 [1. 0. 1.]]
action0:[0 0 4]
action1:[0 0 0]
sub_loc:
[[1. 1. 1.]
 [0. 1. 1.]
 [0. 1. 1.]
 [1. 1. 1.]
 [0. 1. 1.]
 [1. 0. 1.]]
action0:[0 0 3]
action1:[0 0 0]
sub_loc:
[[1. 0. 1.]
 [0. 0. 0.]
 [0. 0. 1.]
 [1. 1. 1.]
 [1. 0. 0.]
 [1. 1. 1.]]
action0:[4 5 2]
action1:[0 0 0]
sub_loc:
[[0. 0. 0.]
 [0. 0. 0.]
 [1. 0. 0.]
 [0. 1. 0.]
 [1. 1. 1.]
 [0. 1. 1.]]
action0:[4 3 5]
action1:[0 0 0]
sub_loc:
[[0. 0. 1.]
 [0. 0. 0.]
 [0. 0. 1.]
 [1. 1. 0.]
 [1. 1. 1.]
 [1. 1. 0.]]
action0:[3 5 2]
action1:[0 0 0]
success
141.47432717977256 60.903816884023854
