29
29
29
29
29
29
29
29
done
29
29
28
29
28
29
28
29
28
29
27
28
29
6
9
12
15
18
21
24
27
28
29
28
6
9
12
15
18
21
24
27
28
29
28
done
6
9
12
15
18
21
24
27
28
6
9
12
15
18
21
24
27
28
29
6
9
12
13
15
16
18
19
21
22
24
25
27
28
29
6
9
12
15
18
21
24
27
28
6
9
12
13
15
16
18
19
21
22
24
25
27
28
29
6
9
12
15
16
18
21
24
27
28
6
9
12
15
16
18
19
21
24
27
28
6
9
12
15
16
18
19
21
22
24
25
27
28
6
9
12
13
15
16
18
19
21
22
24
25
27
28
29
6
9
12
15
18
21
24
27
28
done
6
9
12
15
16
18
19
21
24
27
28
40
6
9
12
15
16
18
21
24
27
28
6
9
12
13
15
16
18
19
21
22
24
25
27
28
6
9
12
15
18
21
24
27
28
6
9
12
13
15
16
18
19
21
22
24
25
27
28
6
9
12
15
18
21
24
27
28
6
9
12
15
16
18
21
24
27
28
6
9
12
13
15
16
18
19
21
22
24
25
27
28
0
6
9
10
12
13
15
16
18
19
21
22
24
25
27
28
6
9
12
13
15
16
18
19
21
22
24
25
27
28
0
1
6
9
10
12
13
15
16
18
19
21
22
24
25
27
28
29
40
done
0
1
6
9
10
12
13
15
16
18
19
21
22
24
25
27
28
40
52
64
76
100
0
6
9
10
12
13
15
16
18
19
21
22
24
25
27
28
40
76
0
1
6
9
10
12
13
15
16
18
19
21
22
24
25
27
28
6
9
12
15
16
18
19
21
24
27
28
6
9
12
15
16
18
21
24
27
28
9
12
15
18
21
24
27
28
6
9
12
13
15
16
18
19
21
22
24
25
27
28
6
9
12
15
18
21
24
27
28
6
9
12
15
16
18
21
24
27
28
0
6
9
12
13
15
16
18
19
21
22
24
25
27
28
6
9
12
15
16
18
19
21
24
27
28
done
0
6
9
12
13
15
16
18
19
21
22
24
25
27
28
40
52
64
76
0
6
9
10
12
13
15
16
18
19
21
22
24
25
27
28
52
76
6
9
12
13
15
16
18
19
21
22
24
25
27
28
6
9
12
15
16
18
19
21
24
27
28
6
9
12
15
18
21
24
27
28
6
9
12
13
15
16
18
19
21
22
24
25
27
28
6
9
12
15
18
21
24
27
28
6
9
12
15
16
18
19
21
22
24
25
27
28
0
1
6
9
10
12
13
15
16
18
19
21
22
24
25
27
28
29
40
6
9
12
13
15
16
18
19
21
22
24
25
27
28
6
9
12
15
18
21
24
27
28
done
6
9
12
13
15
16
18
19
21
22
24
25
27
28
40
64
76
6
9
12
13
15
16
18
19
21
22
24
25
27
28
52
76
6
9
12
15
16
18
21
24
27
28
